<?xml version="1.0" encoding="UTF-8"?>
<testng-results skipped="0" failed="0" ignored="0" total="3" passed="3">
  <reporter-output>
  </reporter-output>
  <suite name="Formation Selenium" duration-ms="48873" started-at="2019-11-14T08:48:29Z" finished-at="2019-11-14T08:49:17Z">
    <groups>
    </groups>
    <test name="BugTrapp" duration-ms="48873" started-at="2019-11-14T08:48:29Z" finished-at="2019-11-14T08:49:17Z">
      <class name="com.stardust.formationSelenium.testcases.TestBugTrapp">
        <test-method status="PASS" signature="connexionBrowser(java.lang.String, java.lang.String)[pri:0, instance:com.stardust.formationSelenium.testcases.TestBugTrapp@4b9e13df]" name="connexionBrowser" is-config="true" duration-ms="6738" started-at="2019-11-14T09:48:29Z" finished-at="2019-11-14T09:48:35Z">
          <params>
            <param index="0">
              <value>
                <![CDATA[webdrivers\\chromedriver.exe]]>
              </value>
            </param>
            <param index="1">
              <value>
                <![CDATA[https://stgstg:@@@aaa111@bt-stg.stardust-hosting.com/]]>
              </value>
            </param>
          </params>
          <reporter-output>
          </reporter-output>
        </test-method> <!-- connexionBrowser -->
        <test-method status="PASS" signature="loginToBugTrapp(java.lang.String, java.lang.String)[pri:1, instance:com.stardust.formationSelenium.testcases.TestBugTrapp@4b9e13df]" name="loginToBugTrapp" duration-ms="3466" started-at="2019-11-14T09:48:35Z" description="Connexion à BugTrapp" finished-at="2019-11-14T09:48:39Z">
          <params>
            <param index="0">
              <value>
                <![CDATA[stg.stardust.testing+445@gmail.com]]>
              </value>
            </param>
            <param index="1">
              <value>
                <![CDATA[#Jur4ssi!cP4rk]]>
              </value>
            </param>
          </params>
          <reporter-output>
          </reporter-output>
        </test-method> <!-- loginToBugTrapp -->
        <test-method status="PASS" signature="navigation()[pri:2, instance:com.stardust.formationSelenium.testcases.TestBugTrapp@4b9e13df]" name="navigation" duration-ms="19909" started-at="2019-11-14T09:48:39Z" description="Navigation Top Menu" finished-at="2019-11-14T09:48:59Z">
          <reporter-output>
          </reporter-output>
        </test-method> <!-- navigation -->
        <test-method status="PASS" signature="createNewProject()[pri:3, instance:com.stardust.formationSelenium.testcases.TestBugTrapp@4b9e13df]" name="createNewProject" duration-ms="13007" started-at="2019-11-14T09:48:59Z" description="Create new project" finished-at="2019-11-14T09:49:12Z">
          <reporter-output>
          </reporter-output>
        </test-method> <!-- createNewProject -->
        <test-method status="PASS" signature="browserQuit()[pri:0, instance:com.stardust.formationSelenium.testcases.TestBugTrapp@4b9e13df]" name="browserQuit" is-config="true" duration-ms="5730" started-at="2019-11-14T09:49:12Z" finished-at="2019-11-14T09:49:17Z">
          <reporter-output>
          </reporter-output>
        </test-method> <!-- browserQuit -->
      </class> <!-- com.stardust.formationSelenium.testcases.TestBugTrapp -->
    </test> <!-- BugTrapp -->
  </suite> <!-- Formation Selenium -->
</testng-results>
