<?xml version="1.0" encoding="UTF-8"?>
<!-- Generated by org.testng.reporters.JUnitXMLReporter -->
<testsuite hostname="DESKTOP-KCTVJJK" ignored="0" name="BugTrapp" tests="3" failures="0" timestamp="14 nov. 2019 08:49:17 GMT" time="48.873" errors="0">
  <testcase name="loginToBugTrapp" time="3.466" classname="com.stardust.formationSelenium.testcases.TestBugTrapp"/>
  <testcase name="navigation" time="19.909" classname="com.stardust.formationSelenium.testcases.TestBugTrapp"/>
  <testcase name="createNewProject" time="13.007" classname="com.stardust.formationSelenium.testcases.TestBugTrapp"/>
</testsuite> <!-- BugTrapp -->
